\BOOKMARK [0][-]{chapter.1}{\376\377\000D\000a\000t\000a\000\040\000S\000t\000r\000u\000c\000t\000u\000r\000e\000\040\000I\000n\000d\000e\000x}{}% 1
\BOOKMARK [1][-]{section.1.1}{\376\377\000D\000a\000t\000a\000\040\000S\000t\000r\000u\000c\000t\000u\000r\000e\000s}{chapter.1}% 2
\BOOKMARK [0][-]{chapter.2}{\376\377\000F\000i\000l\000e\000\040\000I\000n\000d\000e\000x}{}% 3
\BOOKMARK [1][-]{section.2.1}{\376\377\000F\000i\000l\000e\000\040\000L\000i\000s\000t}{chapter.2}% 4
\BOOKMARK [0][-]{chapter.3}{\376\377\000D\000a\000t\000a\000\040\000S\000t\000r\000u\000c\000t\000u\000r\000e\000\040\000D\000o\000c\000u\000m\000e\000n\000t\000a\000t\000i\000o\000n}{}% 5
\BOOKMARK [1][-]{section.3.1}{\376\377\000c\000o\000l\000o\000r\000\137\000t\000a\000b\000l\000e\000\040\000S\000t\000r\000u\000c\000t\000\040\000R\000e\000f\000e\000r\000e\000n\000c\000e}{chapter.3}% 6
\BOOKMARK [2][-]{subsection.3.1.1}{\376\377\000D\000e\000t\000a\000i\000l\000e\000d\000\040\000D\000e\000s\000c\000r\000i\000p\000t\000i\000o\000n}{section.3.1}% 7
\BOOKMARK [2][-]{subsection.3.1.2}{\376\377\000F\000i\000e\000l\000d\000\040\000D\000o\000c\000u\000m\000e\000n\000t\000a\000t\000i\000o\000n}{section.3.1}% 8
\BOOKMARK [3][-]{subsubsection.3.1.2.1}{\376\377\000c\000o\000u\000n\000t}{subsection.3.1.2}% 9
\BOOKMARK [3][-]{subsubsection.3.1.2.2}{\376\377\000o\000w\000n\000e\000r}{subsection.3.1.2}% 10
\BOOKMARK [3][-]{subsubsection.3.1.2.3}{\376\377\000t\000a\000b\000l\000e}{subsection.3.1.2}% 11
\BOOKMARK [1][-]{section.3.2}{\376\377\000c\000u\000t\000t\000i\000n\000g\000\137\000p\000l\000a\000n\000e\000\040\000S\000t\000r\000u\000c\000t\000\040\000R\000e\000f\000e\000r\000e\000n\000c\000e}{chapter.3}% 12
\BOOKMARK [2][-]{subsection.3.2.1}{\376\377\000D\000e\000t\000a\000i\000l\000e\000d\000\040\000D\000e\000s\000c\000r\000i\000p\000t\000i\000o\000n}{section.3.2}% 13
\BOOKMARK [2][-]{subsection.3.2.2}{\376\377\000F\000i\000e\000l\000d\000\040\000D\000o\000c\000u\000m\000e\000n\000t\000a\000t\000i\000o\000n}{section.3.2}% 14
\BOOKMARK [3][-]{subsubsection.3.2.2.1}{\376\377\000p\000o\000s\000i\000t\000i\000o\000n}{subsection.3.2.2}% 15
\BOOKMARK [3][-]{subsubsection.3.2.2.2}{\376\377\000v\000a\000l\000u\000e}{subsection.3.2.2}% 16
\BOOKMARK [1][-]{section.3.3}{\376\377\000i\000m\000a\000g\000e\000\040\000S\000t\000r\000u\000c\000t\000\040\000R\000e\000f\000e\000r\000e\000n\000c\000e}{chapter.3}% 17
\BOOKMARK [2][-]{subsection.3.3.1}{\376\377\000F\000i\000e\000l\000d\000\040\000D\000o\000c\000u\000m\000e\000n\000t\000a\000t\000i\000o\000n}{section.3.3}% 18
\BOOKMARK [3][-]{subsubsection.3.3.1.1}{\376\377\000c\000o\000u\000r\000a\000n\000t}{subsection.3.3.1}% 19
\BOOKMARK [3][-]{subsubsection.3.3.1.2}{\376\377\000d\000e\000b\000u\000t}{subsection.3.3.1}% 20
\BOOKMARK [3][-]{subsubsection.3.3.1.3}{\376\377\000d\000i\000m}{subsection.3.3.1}% 21
\BOOKMARK [3][-]{subsubsection.3.3.1.4}{\376\377\000d\000i\000s\000t\000a\000n\000c\000e}{subsection.3.3.1}% 22
\BOOKMARK [3][-]{subsubsection.3.3.1.5}{\376\377\000h\000a\000u\000t\000e\000u\000r}{subsection.3.3.1}% 23
\BOOKMARK [3][-]{subsubsection.3.3.1.6}{\376\377\000l\000a\000r\000g\000e\000u\000r}{subsection.3.3.1}% 24
\BOOKMARK [3][-]{subsubsection.3.3.1.7}{\376\377\000l\000o\000n\000g\000u\000e\000u\000r}{subsection.3.3.1}% 25
\BOOKMARK [3][-]{subsubsection.3.3.1.8}{\376\377\000t\000a\000i\000l\000l\000e}{subsection.3.3.1}% 26
\BOOKMARK [1][-]{section.3.4}{\376\377\000k\000d\000t\000r\000e\000e\000\040\000S\000t\000r\000u\000c\000t\000\040\000R\000e\000f\000e\000r\000e\000n\000c\000e}{chapter.3}% 27
\BOOKMARK [2][-]{subsection.3.4.1}{\376\377\000D\000e\000t\000a\000i\000l\000e\000d\000\040\000D\000e\000s\000c\000r\000i\000p\000t\000i\000o\000n}{section.3.4}% 28
\BOOKMARK [2][-]{subsection.3.4.2}{\376\377\000F\000i\000e\000l\000d\000\040\000D\000o\000c\000u\000m\000e\000n\000t\000a\000t\000i\000o\000n}{section.3.4}% 29
\BOOKMARK [3][-]{subsubsection.3.4.2.1}{\376\377\000c\000o\000l\000o\000r\000T\000a\000b\000l\000e}{subsection.3.4.2}% 30
\BOOKMARK [3][-]{subsubsection.3.4.2.2}{\376\377\000c\000u\000t\000t\000i\000n\000g\000P\000l\000a\000n\000e}{subsection.3.4.2}% 31
\BOOKMARK [3][-]{subsubsection.3.4.2.3}{\376\377\000l\000e\000f\000t\000\137\000s\000o\000n}{subsection.3.4.2}% 32
\BOOKMARK [3][-]{subsubsection.3.4.2.4}{\376\377\000r\000i\000g\000h\000t\000\137\000s\000o\000n}{subsection.3.4.2}% 33
\BOOKMARK [3][-]{subsubsection.3.4.2.5}{\376\377\000s\000o\000r\000t\000A\000x\000i\000s}{subsection.3.4.2}% 34
\BOOKMARK [1][-]{section.3.5}{\376\377\000p\000o\000i\000n\000t\000\040\000S\000t\000r\000u\000c\000t\000\040\000R\000e\000f\000e\000r\000e\000n\000c\000e}{chapter.3}% 35
\BOOKMARK [2][-]{subsection.3.5.1}{\376\377\000F\000i\000e\000l\000d\000\040\000D\000o\000c\000u\000m\000e\000n\000t\000a\000t\000i\000o\000n}{section.3.5}% 36
\BOOKMARK [3][-]{subsubsection.3.5.1.1}{\376\377\000c\000o\000o\000r\000d\000x}{subsection.3.5.1}% 37
\BOOKMARK [3][-]{subsubsection.3.5.1.2}{\376\377\000c\000o\000o\000r\000d\000y}{subsection.3.5.1}% 38
\BOOKMARK [0][-]{chapter.4}{\376\377\000F\000i\000l\000e\000\040\000D\000o\000c\000u\000m\000e\000n\000t\000a\000t\000i\000o\000n}{}% 39
\BOOKMARK [1][-]{section.4.1}{\376\377\000/\000m\000e\000d\000i\000a\000/\000p\000s\000f\000/\000H\000o\000m\000e\000/\000D\000e\000s\000k\000t\000o\000p\000/\000P\000r\000o\000g\000\040\000C\000/\000P\000r\000o\000j\000e\000t\000C\000-\000I\000n\000v\000e\000r\000s\000i\000o\000n\000/\000i\000n\000c\000l\000u\000d\000e\000/\000a\000r\000b\000r\000e\000.\000h\000\040\000F\000i\000l\000e\000\040\000R\000e\000f\000e\000r\000e\000n\000c\000e}{chapter.4}% 40
\BOOKMARK [2][-]{subsection.4.1.1}{\376\377\000D\000e\000t\000a\000i\000l\000e\000d\000\040\000D\000e\000s\000c\000r\000i\000p\000t\000i\000o\000n}{section.4.1}% 41
\BOOKMARK [2][-]{subsection.4.1.2}{\376\377\000T\000y\000p\000e\000d\000e\000f\000\040\000D\000o\000c\000u\000m\000e\000n\000t\000a\000t\000i\000o\000n}{section.4.1}% 42
\BOOKMARK [3][-]{subsubsection.4.1.2.1}{\376\377\000c\000u\000t\000t\000i\000n\000g\000\137\000p\000l\000a\000n\000e}{subsection.4.1.2}% 43
\BOOKMARK [3][-]{subsubsection.4.1.2.2}{\376\377\000k\000d\000t\000r\000e\000e}{subsection.4.1.2}% 44
\BOOKMARK [2][-]{subsection.4.1.3}{\376\377\000F\000u\000n\000c\000t\000i\000o\000n\000\040\000D\000o\000c\000u\000m\000e\000n\000t\000a\000t\000i\000o\000n}{section.4.1}% 45
\BOOKMARK [3][-]{subsubsection.4.1.3.1}{\376\377\000c\000r\000e\000a\000t\000e\000\137\000k\000d\000t\000r\000e\000e}{subsection.4.1.3}% 46
\BOOKMARK [3][-]{subsubsection.4.1.3.2}{\376\377\000d\000e\000s\000t\000r\000o\000y\000\137\000k\000d\000t\000r\000e\000e}{subsection.4.1.3}% 47
\BOOKMARK [3][-]{subsubsection.4.1.3.3}{\376\377\000k\000d\000t\000r\000e\000e\000\137\000g\000e\000t\000\137\000n\000e\000a\000r\000e\000s\000t\000\137\000c\000o\000l\000o\000r}{subsection.4.1.3}% 48
\BOOKMARK [1][-]{section.4.2}{\376\377\000/\000m\000e\000d\000i\000a\000/\000p\000s\000f\000/\000H\000o\000m\000e\000/\000D\000e\000s\000k\000t\000o\000p\000/\000P\000r\000o\000g\000\040\000C\000/\000P\000r\000o\000j\000e\000t\000C\000-\000I\000n\000v\000e\000r\000s\000i\000o\000n\000/\000i\000n\000c\000l\000u\000d\000e\000/\000c\000l\000a\000s\000s\000e\000.\000h\000\040\000F\000i\000l\000e\000\040\000R\000e\000f\000e\000r\000e\000n\000c\000e}{chapter.4}% 49
\BOOKMARK [2][-]{subsection.4.2.1}{\376\377\000M\000a\000c\000r\000o\000\040\000D\000e\000f\000i\000n\000i\000t\000i\000o\000n\000\040\000D\000o\000c\000u\000m\000e\000n\000t\000a\000t\000i\000o\000n}{section.4.2}% 50
\BOOKMARK [3][-]{subsubsection.4.2.1.1}{\376\377\000C\000L\000A\000S\000S\000E}{subsection.4.2.1}% 51
\BOOKMARK [1][-]{section.4.3}{\376\377\000/\000m\000e\000d\000i\000a\000/\000p\000s\000f\000/\000H\000o\000m\000e\000/\000D\000e\000s\000k\000t\000o\000p\000/\000P\000r\000o\000g\000\040\000C\000/\000P\000r\000o\000j\000e\000t\000C\000-\000I\000n\000v\000e\000r\000s\000i\000o\000n\000/\000i\000n\000c\000l\000u\000d\000e\000/\000e\000x\000i\000t\000\137\000i\000f\000.\000h\000\040\000F\000i\000l\000e\000\040\000R\000e\000f\000e\000r\000e\000n\000c\000e}{chapter.4}% 52
\BOOKMARK [2][-]{subsection.4.3.1}{\376\377\000M\000a\000c\000r\000o\000\040\000D\000e\000f\000i\000n\000i\000t\000i\000o\000n\000\040\000D\000o\000c\000u\000m\000e\000n\000t\000a\000t\000i\000o\000n}{section.4.3}% 53
\BOOKMARK [3][-]{subsubsection.4.3.1.1}{\376\377\000E\000X\000I\000T\000\137\000I\000F}{subsection.4.3.1}% 54
\BOOKMARK [1][-]{section.4.4}{\376\377\000/\000m\000e\000d\000i\000a\000/\000p\000s\000f\000/\000H\000o\000m\000e\000/\000D\000e\000s\000k\000t\000o\000p\000/\000P\000r\000o\000g\000\040\000C\000/\000P\000r\000o\000j\000e\000t\000C\000-\000I\000n\000v\000e\000r\000s\000i\000o\000n\000/\000i\000n\000c\000l\000u\000d\000e\000/\000i\000m\000a\000g\000e\000.\000h\000\040\000F\000i\000l\000e\000\040\000R\000e\000f\000e\000r\000e\000n\000c\000e}{chapter.4}% 55
\BOOKMARK [2][-]{subsection.4.4.1}{\376\377\000T\000y\000p\000e\000d\000e\000f\000\040\000D\000o\000c\000u\000m\000e\000n\000t\000a\000t\000i\000o\000n}{section.4.4}% 56
\BOOKMARK [3][-]{subsubsection.4.4.1.1}{\376\377\000P\000F\000d\000i\000s\000t}{subsection.4.4.1}% 57
\BOOKMARK [2][-]{subsection.4.4.2}{\376\377\000F\000u\000n\000c\000t\000i\000o\000n\000\040\000D\000o\000c\000u\000m\000e\000n\000t\000a\000t\000i\000o\000n}{section.4.4}% 58
\BOOKMARK [3][-]{subsubsection.4.4.2.1}{\376\377\000C\000L\000A\000S\000S\000E}{subsection.4.4.2}% 59
\BOOKMARK [3][-]{subsubsection.4.4.2.2}{\376\377\000D\000E\000F\000A\000I\000R\000E\000\137\000i\000m\000a\000g\000e}{subsection.4.4.2}% 60
\BOOKMARK [3][-]{subsubsection.4.4.2.3}{\376\377\000F\000A\000I\000R\000E\000\137\000i\000m\000a\000g\000e}{subsection.4.4.2}% 61
\BOOKMARK [3][-]{subsubsection.4.4.2.4}{\376\377\000i\000m\000a\000g\000e\000\137\000c\000h\000a\000r\000g\000e\000r}{subsection.4.4.2}% 62
\BOOKMARK [3][-]{subsubsection.4.4.2.5}{\376\377\000i\000m\000a\000g\000e\000\137\000d\000e\000b\000u\000t}{subsection.4.4.2}% 63
\BOOKMARK [3][-]{subsubsection.4.4.2.6}{\376\377\000i\000m\000a\000g\000e\000\137\000d\000i\000s\000t\000a\000n\000c\000e}{subsection.4.4.2}% 64
\BOOKMARK [3][-]{subsubsection.4.4.2.7}{\376\377\000i\000m\000a\000g\000e\000\137\000e\000c\000r\000i\000r\000e\000\137\000p\000i\000x\000e\000l}{subsection.4.4.2}% 65
\BOOKMARK [3][-]{subsubsection.4.4.2.8}{\376\377\000i\000m\000a\000g\000e\000\137\000g\000i\000v\000e\000\137\000d\000i\000m}{subsection.4.4.2}% 66
\BOOKMARK [3][-]{subsubsection.4.4.2.9}{\376\377\000i\000m\000a\000g\000e\000\137\000g\000i\000v\000e\000\137\000h\000a\000u\000t\000e\000u\000r}{subsection.4.4.2}% 67
\BOOKMARK [3][-]{subsubsection.4.4.2.10}{\376\377\000i\000m\000a\000g\000e\000\137\000g\000i\000v\000e\000\137\000l\000a\000r\000g\000e\000u\000r}{subsection.4.4.2}% 68
\BOOKMARK [3][-]{subsubsection.4.4.2.11}{\376\377\000i\000m\000a\000g\000e\000\137\000i\000n\000i\000t\000i\000a\000l\000i\000z\000e}{subsection.4.4.2}% 69
\BOOKMARK [3][-]{subsubsection.4.4.2.12}{\376\377\000i\000m\000a\000g\000e\000\137\000l\000i\000r\000e\000\137\000p\000i\000x\000e\000l}{subsection.4.4.2}% 70
\BOOKMARK [3][-]{subsubsection.4.4.2.13}{\376\377\000i\000m\000a\000g\000e\000\137\000m\000o\000v\000e\000\137\000t\000o}{subsection.4.4.2}% 71
\BOOKMARK [3][-]{subsubsection.4.4.2.14}{\376\377\000i\000m\000a\000g\000e\000\137\000p\000i\000x\000e\000l\000\137\000d\000e\000s\000s\000o\000u\000s}{subsection.4.4.2}% 72
\BOOKMARK [3][-]{subsubsection.4.4.2.15}{\376\377\000i\000m\000a\000g\000e\000\137\000p\000i\000x\000e\000l\000\137\000d\000e\000s\000s\000u\000s}{subsection.4.4.2}% 73
\BOOKMARK [3][-]{subsubsection.4.4.2.16}{\376\377\000i\000m\000a\000g\000e\000\137\000p\000i\000x\000e\000l\000\137\000d\000r\000o\000i\000t\000e}{subsection.4.4.2}% 74
\BOOKMARK [3][-]{subsubsection.4.4.2.17}{\376\377\000i\000m\000a\000g\000e\000\137\000p\000i\000x\000e\000l\000\137\000g\000a\000u\000c\000h\000e}{subsection.4.4.2}% 75
\BOOKMARK [3][-]{subsubsection.4.4.2.18}{\376\377\000i\000m\000a\000g\000e\000\137\000p\000i\000x\000e\000l\000\137\000s\000u\000i\000v\000a\000n\000t}{subsection.4.4.2}% 76
\BOOKMARK [3][-]{subsubsection.4.4.2.19}{\376\377\000i\000m\000a\000g\000e\000\137\000s\000a\000u\000v\000e\000g\000a\000r\000d\000e\000r}{subsection.4.4.2}% 77
\BOOKMARK [3][-]{subsubsection.4.4.2.20}{\376\377\000i\000m\000a\000g\000e\000\137\000s\000e\000t\000\137\000d\000i\000s\000t\000a\000n\000c\000e}{subsection.4.4.2}% 78
\BOOKMARK [3][-]{subsubsection.4.4.2.21}{\376\377\000i\000m\000a\000g\000e\000\137\000t\000o\000\137\000s\000t\000r\000e\000a\000m}{subsection.4.4.2}% 79
\BOOKMARK [1][-]{section.4.5}{\376\377\000/\000m\000e\000d\000i\000a\000/\000p\000s\000f\000/\000H\000o\000m\000e\000/\000D\000e\000s\000k\000t\000o\000p\000/\000P\000r\000o\000g\000\040\000C\000/\000P\000r\000o\000j\000e\000t\000C\000-\000I\000n\000v\000e\000r\000s\000i\000o\000n\000/\000i\000n\000c\000l\000u\000d\000e\000/\000m\000o\000v\000e\000\137\000t\000y\000p\000e\000.\000h\000\040\000F\000i\000l\000e\000\040\000R\000e\000f\000e\000r\000e\000n\000c\000e}{chapter.4}% 80
\BOOKMARK [2][-]{subsection.4.5.1}{\376\377\000M\000a\000c\000r\000o\000\040\000D\000e\000f\000i\000n\000i\000t\000i\000o\000n\000\040\000D\000o\000c\000u\000m\000e\000n\000t\000a\000t\000i\000o\000n}{section.4.5}% 81
\BOOKMARK [3][-]{subsubsection.4.5.1.1}{\376\377\000D\000O\000W\000N}{subsection.4.5.1}% 82
\BOOKMARK [3][-]{subsubsection.4.5.1.2}{\376\377\000L\000E\000F\000T}{subsection.4.5.1}% 83
\BOOKMARK [3][-]{subsubsection.4.5.1.3}{\376\377\000N\000B\000\137\000M\000O\000V\000E}{subsection.4.5.1}% 84
\BOOKMARK [3][-]{subsubsection.4.5.1.4}{\376\377\000R\000I\000G\000H\000T}{subsection.4.5.1}% 85
\BOOKMARK [3][-]{subsubsection.4.5.1.5}{\376\377\000U\000P}{subsection.4.5.1}% 86
\BOOKMARK [2][-]{subsection.4.5.2}{\376\377\000T\000y\000p\000e\000d\000e\000f\000\040\000D\000o\000c\000u\000m\000e\000n\000t\000a\000t\000i\000o\000n}{section.4.5}% 87
\BOOKMARK [3][-]{subsubsection.4.5.2.1}{\376\377\000m\000o\000v\000e\000\137\000t\000y\000p\000e}{subsection.4.5.2}% 88
\BOOKMARK [2][-]{subsection.4.5.3}{\376\377\000F\000u\000n\000c\000t\000i\000o\000n\000\040\000D\000o\000c\000u\000m\000e\000n\000t\000a\000t\000i\000o\000n}{section.4.5}% 89
\BOOKMARK [3][-]{subsubsection.4.5.3.1}{\376\377\000m\000o\000v\000e\000\137\000t\000y\000p\000e\000\137\000c\000o\000m\000p\000u\000t\000e\000\137\000d\000i\000s\000t\000\137\000s\000i\000g\000m\000a\000\137\0001}{subsection.4.5.3}% 90
\BOOKMARK [3][-]{subsubsection.4.5.3.2}{\376\377\000m\000o\000v\000e\000\137\000t\000y\000p\000e\000\137\000c\000o\000m\000p\000u\000t\000e\000\137\000s\000t\000e\000p\000\137\000c\000l\000o\000c\000k}{subsection.4.5.3}% 91
\BOOKMARK [1][-]{section.4.6}{\376\377\000/\000m\000e\000d\000i\000a\000/\000p\000s\000f\000/\000H\000o\000m\000e\000/\000D\000e\000s\000k\000t\000o\000p\000/\000P\000r\000o\000g\000\040\000C\000/\000P\000r\000o\000j\000e\000t\000C\000-\000I\000n\000v\000e\000r\000s\000i\000o\000n\000/\000i\000n\000c\000l\000u\000d\000e\000/\000o\000b\000j\000e\000t\000.\000h\000\040\000F\000i\000l\000e\000\040\000R\000e\000f\000e\000r\000e\000n\000c\000e}{chapter.4}% 92
\BOOKMARK [2][-]{subsection.4.6.1}{\376\377\000M\000a\000c\000r\000o\000\040\000D\000e\000f\000i\000n\000i\000t\000i\000o\000n\000\040\000D\000o\000c\000u\000m\000e\000n\000t\000a\000t\000i\000o\000n}{section.4.6}% 93
\BOOKMARK [3][-]{subsubsection.4.6.1.1}{\376\377\000I\000N\000S\000T\000A\000N\000C\000I\000E\000R}{subsection.4.6.1}% 94
\BOOKMARK [3][-]{subsubsection.4.6.1.2}{\376\377\000S\000E\000L\000F}{subsection.4.6.1}% 95
\BOOKMARK [1][-]{section.4.7}{\376\377\000/\000m\000e\000d\000i\000a\000/\000p\000s\000f\000/\000H\000o\000m\000e\000/\000D\000e\000s\000k\000t\000o\000p\000/\000P\000r\000o\000g\000\040\000C\000/\000P\000r\000o\000j\000e\000t\000C\000-\000I\000n\000v\000e\000r\000s\000i\000o\000n\000/\000i\000n\000c\000l\000u\000d\000e\000/\000p\000o\000i\000n\000t\000.\000h\000\040\000F\000i\000l\000e\000\040\000R\000e\000f\000e\000r\000e\000n\000c\000e}{chapter.4}% 96
\BOOKMARK [2][-]{subsection.4.7.1}{\376\377\000M\000a\000c\000r\000o\000\040\000D\000e\000f\000i\000n\000i\000t\000i\000o\000n\000\040\000D\000o\000c\000u\000m\000e\000n\000t\000a\000t\000i\000o\000n}{section.4.7}% 97
\BOOKMARK [3][-]{subsubsection.4.7.1.1}{\376\377\000A\000F\000F\000E\000C\000T\000E\000\137\000P\000O\000I\000N\000T}{subsection.4.7.1}% 98
\BOOKMARK [3][-]{subsubsection.4.7.1.2}{\376\377\000C\000O\000O\000R\000D\000X}{subsection.4.7.1}% 99
\BOOKMARK [3][-]{subsubsection.4.7.1.3}{\376\377\000C\000O\000O\000R\000D\000Y}{subsection.4.7.1}% 100
\BOOKMARK [3][-]{subsubsection.4.7.1.4}{\376\377\000E\000G\000A\000L\000\137\000P\000O\000I\000N\000T}{subsection.4.7.1}% 101
\BOOKMARK [3][-]{subsubsection.4.7.1.5}{\376\377\000I\000N\000F\000I\000N\000I\000T\000E\000\137\000P\000O\000I\000N\000T}{subsection.4.7.1}% 102
\BOOKMARK [3][-]{subsubsection.4.7.1.6}{\376\377\000I\000S\000\137\000R\000I\000G\000H\000T\000E\000R\000\137\000P\000O\000I\000N\000T}{subsection.4.7.1}% 103
\BOOKMARK [3][-]{subsubsection.4.7.1.7}{\376\377\000M\000O\000V\000E\000\137\000D\000O\000W\000N\000\137\000P\000O\000I\000N\000T}{subsection.4.7.1}% 104
\BOOKMARK [3][-]{subsubsection.4.7.1.8}{\376\377\000M\000O\000V\000E\000\137\000L\000E\000F\000T\000\137\000P\000O\000I\000N\000T}{subsection.4.7.1}% 105
\BOOKMARK [3][-]{subsubsection.4.7.1.9}{\376\377\000M\000O\000V\000E\000\137\000R\000I\000G\000H\000T\000\137\000P\000O\000I\000N\000T}{subsection.4.7.1}% 106
\BOOKMARK [3][-]{subsubsection.4.7.1.10}{\376\377\000M\000O\000V\000E\000\137\000U\000P\000\137\000P\000O\000I\000N\000T}{subsection.4.7.1}% 107
\BOOKMARK [3][-]{subsubsection.4.7.1.11}{\376\377\000N\000U\000L\000L\000\137\000P\000O\000I\000N\000T}{subsection.4.7.1}% 108
\BOOKMARK [2][-]{subsection.4.7.2}{\376\377\000T\000y\000p\000e\000d\000e\000f\000\040\000D\000o\000c\000u\000m\000e\000n\000t\000a\000t\000i\000o\000n}{section.4.7}% 109
\BOOKMARK [3][-]{subsubsection.4.7.2.1}{\376\377\000P\000o\000i\000n\000t}{subsection.4.7.2}% 110
\BOOKMARK [2][-]{subsection.4.7.3}{\376\377\000F\000u\000n\000c\000t\000i\000o\000n\000\040\000D\000o\000c\000u\000m\000e\000n\000t\000a\000t\000i\000o\000n}{section.4.7}% 111
\BOOKMARK [3][-]{subsubsection.4.7.3.1}{\376\377\000C\000L\000A\000S\000S\000E}{subsection.4.7.3}% 112
\BOOKMARK [1][-]{section.4.8}{\376\377\000/\000m\000e\000d\000i\000a\000/\000p\000s\000f\000/\000H\000o\000m\000e\000/\000D\000e\000s\000k\000t\000o\000p\000/\000P\000r\000o\000g\000\040\000C\000/\000P\000r\000o\000j\000e\000t\000C\000-\000I\000n\000v\000e\000r\000s\000i\000o\000n\000/\000i\000n\000c\000l\000u\000d\000e\000/\000t\000a\000b\000l\000e\000.\000h\000\040\000F\000i\000l\000e\000\040\000R\000e\000f\000e\000r\000e\000n\000c\000e}{chapter.4}% 113
\BOOKMARK [2][-]{subsection.4.8.1}{\376\377\000D\000e\000t\000a\000i\000l\000e\000d\000\040\000D\000e\000s\000c\000r\000i\000p\000t\000i\000o\000n}{section.4.8}% 114
\BOOKMARK [2][-]{subsection.4.8.2}{\376\377\000T\000y\000p\000e\000d\000e\000f\000\040\000D\000o\000c\000u\000m\000e\000n\000t\000a\000t\000i\000o\000n}{section.4.8}% 115
\BOOKMARK [3][-]{subsubsection.4.8.2.1}{\376\377\000c\000o\000l\000o\000r}{subsection.4.8.2}% 116
\BOOKMARK [3][-]{subsubsection.4.8.2.2}{\376\377\000c\000o\000l\000o\000r\000\137\000t\000a\000b\000l\000e}{subsection.4.8.2}% 117
\BOOKMARK [2][-]{subsection.4.8.3}{\376\377\000E\000n\000u\000m\000e\000r\000a\000t\000i\000o\000n\000\040\000T\000y\000p\000e\000\040\000D\000o\000c\000u\000m\000e\000n\000t\000a\000t\000i\000o\000n}{section.4.8}% 118
\BOOKMARK [3][-]{subsubsection.4.8.3.1}{\376\377\000a\000x\000i\000s}{subsection.4.8.3}% 119
\BOOKMARK [3][-]{subsubsection.4.8.3.2}{\376\377\000b\000o\000o\000l\000e\000a\000n}{subsection.4.8.3}% 120
\BOOKMARK [2][-]{subsection.4.8.4}{\376\377\000F\000u\000n\000c\000t\000i\000o\000n\000\040\000D\000o\000c\000u\000m\000e\000n\000t\000a\000t\000i\000o\000n}{section.4.8}% 121
\BOOKMARK [3][-]{subsubsection.4.8.4.1}{\376\377\000c\000o\000l\000o\000r\000\137\000t\000a\000b\000l\000e\000\137\000d\000u\000p\000l\000i\000c\000a\000t\000e}{subsection.4.8.4}% 122
\BOOKMARK [3][-]{subsubsection.4.8.4.2}{\376\377\000c\000o\000l\000o\000r\000\137\000t\000a\000b\000l\000e\000\137\000g\000e\000t\000\137\000c\000o\000l\000o\000r}{subsection.4.8.4}% 123
\BOOKMARK [3][-]{subsubsection.4.8.4.3}{\376\377\000c\000o\000l\000o\000r\000\137\000t\000a\000b\000l\000e\000\137\000g\000e\000t\000\137\000m\000a\000x}{subsection.4.8.4}% 124
\BOOKMARK [3][-]{subsubsection.4.8.4.4}{\376\377\000c\000o\000l\000o\000r\000\137\000t\000a\000b\000l\000e\000\137\000g\000e\000t\000\137\000m\000i\000n}{subsection.4.8.4}% 125
\BOOKMARK [3][-]{subsubsection.4.8.4.5}{\376\377\000c\000o\000l\000o\000r\000\137\000t\000a\000b\000l\000e\000\137\000g\000e\000t\000\137\000n\000b\000\137\000c\000o\000l\000o\000r}{subsection.4.8.4}% 126
\BOOKMARK [3][-]{subsubsection.4.8.4.6}{\376\377\000c\000o\000l\000o\000r\000\137\000t\000a\000b\000l\000e\000\137\000s\000o\000r\000t}{subsection.4.8.4}% 127
\BOOKMARK [3][-]{subsubsection.4.8.4.7}{\376\377\000c\000r\000e\000a\000t\000e\000\137\000c\000o\000l\000o\000r\000\137\000t\000a\000b\000l\000e}{subsection.4.8.4}% 128
\BOOKMARK [3][-]{subsubsection.4.8.4.8}{\376\377\000d\000e\000s\000t\000r\000o\000y\000\137\000c\000o\000l\000o\000r\000\137\000t\000a\000b\000l\000e}{subsection.4.8.4}% 129
\BOOKMARK [1][-]{section.4.9}{\376\377\000/\000m\000e\000d\000i\000a\000/\000p\000s\000f\000/\000H\000o\000m\000e\000/\000D\000e\000s\000k\000t\000o\000p\000/\000P\000r\000o\000g\000\040\000C\000/\000P\000r\000o\000j\000e\000t\000C\000-\000I\000n\000v\000e\000r\000s\000i\000o\000n\000/\000i\000n\000c\000l\000u\000d\000e\000/\000t\000y\000p\000e\000\137\000o\000b\000j\000.\000h\000\040\000F\000i\000l\000e\000\040\000R\000e\000f\000e\000r\000e\000n\000c\000e}{chapter.4}% 130
\BOOKMARK [2][-]{subsection.4.9.1}{\376\377\000M\000a\000c\000r\000o\000\040\000D\000e\000f\000i\000n\000i\000t\000i\000o\000n\000\040\000D\000o\000c\000u\000m\000e\000n\000t\000a\000t\000i\000o\000n}{section.4.9}% 131
\BOOKMARK [3][-]{subsubsection.4.9.1.1}{\376\377\000D\000I\000M\000\137\000M\000A\000X}{subsection.4.9.1}% 132
\BOOKMARK [2][-]{subsection.4.9.2}{\376\377\000T\000y\000p\000e\000d\000e\000f\000\040\000D\000o\000c\000u\000m\000e\000n\000t\000a\000t\000i\000o\000n}{section.4.9}% 133
\BOOKMARK [3][-]{subsubsection.4.9.2.1}{\376\377\000a\000n\000g\000l\000e}{subsection.4.9.2}% 134
\BOOKMARK [2][-]{subsection.4.9.3}{\376\377\000E\000n\000u\000m\000e\000r\000a\000t\000i\000o\000n\000\040\000T\000y\000p\000e\000\040\000D\000o\000c\000u\000m\000e\000n\000t\000a\000t\000i\000o\000n}{section.4.9}% 135
\BOOKMARK [3][-]{subsubsection.4.9.3.1}{\376\377\000b\000o\000o\000l\000e\000e\000n}{subsection.4.9.3}% 136
\BOOKMARK [1][-]{section.4.10}{\376\377\000/\000m\000e\000d\000i\000a\000/\000p\000s\000f\000/\000H\000o\000m\000e\000/\000D\000e\000s\000k\000t\000o\000p\000/\000P\000r\000o\000g\000\040\000C\000/\000P\000r\000o\000j\000e\000t\000C\000-\000I\000n\000v\000e\000r\000s\000i\000o\000n\000/\000s\000r\000c\000/\000a\000r\000b\000r\000e\000.\000c\000\040\000F\000i\000l\000e\000\040\000R\000e\000f\000e\000r\000e\000n\000c\000e}{chapter.4}% 137
\BOOKMARK [2][-]{subsection.4.10.1}{\376\377\000D\000e\000t\000a\000i\000l\000e\000d\000\040\000D\000e\000s\000c\000r\000i\000p\000t\000i\000o\000n}{section.4.10}% 138
\BOOKMARK [2][-]{subsection.4.10.2}{\376\377\000F\000u\000n\000c\000t\000i\000o\000n\000\040\000D\000o\000c\000u\000m\000e\000n\000t\000a\000t\000i\000o\000n}{section.4.10}% 139
\BOOKMARK [3][-]{subsubsection.4.10.2.1}{\376\377\000c\000h\000o\000o\000s\000e\000\137\000a\000x\000i\000s\000\137\000p\000o\000s\000i\000t\000i\000o\000n}{subsection.4.10.2}% 140
\BOOKMARK [3][-]{subsubsection.4.10.2.2}{\376\377\000c\000h\000o\000o\000s\000e\000\137\000s\000o\000r\000t\000i\000n\000g\000\137\000a\000x\000i\000s\000\137\000b\000y\000\137\000m\000a\000x}{subsection.4.10.2}% 141
\BOOKMARK [3][-]{subsubsection.4.10.2.3}{\376\377\000c\000h\000o\000o\000s\000e\000\137\000s\000o\000r\000t\000i\000n\000g\000\137\000a\000x\000i\000s\000\137\000b\000y\000\137\000v\000a\000r}{subsection.4.10.2}% 142
\BOOKMARK [3][-]{subsubsection.4.10.2.4}{\376\377\000c\000r\000e\000a\000t\000e\000\137\000k\000d\000t\000r\000e\000e}{subsection.4.10.2}% 143
\BOOKMARK [3][-]{subsubsection.4.10.2.5}{\376\377\000d\000e\000s\000t\000r\000o\000y\000\137\000k\000d\000t\000r\000e\000e}{subsection.4.10.2}% 144
\BOOKMARK [3][-]{subsubsection.4.10.2.6}{\376\377\000g\000e\000t\000\137\000d\000i\000s\000t\000a\000n\000c\000e\000\137\000b\000e\000t\000w\000e\000e\000n\000\137\000c\000o\000l\000o\000r\000s}{subsection.4.10.2}% 145
\BOOKMARK [3][-]{subsubsection.4.10.2.7}{\376\377\000k\000d\000t\000r\000e\000e\000\137\000g\000e\000t\000\137\000n\000e\000a\000r\000e\000s\000t\000\137\000c\000o\000l\000o\000r}{subsection.4.10.2}% 146
\BOOKMARK [3][-]{subsubsection.4.10.2.8}{\376\377\000s\000e\000a\000r\000c\000h\000\137\000n\000e\000a\000r\000e\000s\000t\000\137\000c\000o\000l\000o\000r\000\137\000i\000n\000\137\000n\000o\000d\000e}{subsection.4.10.2}% 147
\BOOKMARK [1][-]{section.4.11}{\376\377\000/\000m\000e\000d\000i\000a\000/\000p\000s\000f\000/\000H\000o\000m\000e\000/\000D\000e\000s\000k\000t\000o\000p\000/\000P\000r\000o\000g\000\040\000C\000/\000P\000r\000o\000j\000e\000t\000C\000-\000I\000n\000v\000e\000r\000s\000i\000o\000n\000/\000s\000r\000c\000/\000g\000r\000a\000p\000h\000d\000a\000t\000a\000.\000c\000\040\000F\000i\000l\000e\000\040\000R\000e\000f\000e\000r\000e\000n\000c\000e}{chapter.4}% 148
\BOOKMARK [2][-]{subsection.4.11.1}{\376\377\000D\000e\000t\000a\000i\000l\000e\000d\000\040\000D\000e\000s\000c\000r\000i\000p\000t\000i\000o\000n}{section.4.11}% 149
\BOOKMARK [2][-]{subsection.4.11.2}{\376\377\000F\000u\000n\000c\000t\000i\000o\000n\000\040\000D\000o\000c\000u\000m\000e\000n\000t\000a\000t\000i\000o\000n}{section.4.11}% 150
\BOOKMARK [3][-]{subsubsection.4.11.2.1}{\376\377\000g\000e\000t\000\137\000e\000x\000e\000c\000\137\000t\000i\000m\000e\000\137\000t\000r\000e\000e}{subsection.4.11.2}% 151
\BOOKMARK [3][-]{subsubsection.4.11.2.2}{\376\377\000g\000e\000t\000\137\000e\000x\000e\000c\000\137\000t\000i\000m\000e\000\137\000t\000r\000i\000v\000i\000a\000l}{subsection.4.11.2}% 152
\BOOKMARK [3][-]{subsubsection.4.11.2.3}{\376\377\000m\000a\000i\000n}{subsection.4.11.2}% 153
\BOOKMARK [1][-]{section.4.12}{\376\377\000/\000m\000e\000d\000i\000a\000/\000p\000s\000f\000/\000H\000o\000m\000e\000/\000D\000e\000s\000k\000t\000o\000p\000/\000P\000r\000o\000g\000\040\000C\000/\000P\000r\000o\000j\000e\000t\000C\000-\000I\000n\000v\000e\000r\000s\000i\000o\000n\000/\000s\000r\000c\000/\000i\000m\000a\000g\000e\000.\000c\000\040\000F\000i\000l\000e\000\040\000R\000e\000f\000e\000r\000e\000n\000c\000e}{chapter.4}% 154
\BOOKMARK [2][-]{subsection.4.12.1}{\376\377\000M\000a\000c\000r\000o\000\040\000D\000e\000f\000i\000n\000i\000t\000i\000o\000n\000\040\000D\000o\000c\000u\000m\000e\000n\000t\000a\000t\000i\000o\000n}{section.4.12}% 155
\BOOKMARK [3][-]{subsubsection.4.12.1.1}{\376\377\000C\000o\000u\000r\000a\000n\000t}{subsection.4.12.1}% 156
\BOOKMARK [3][-]{subsubsection.4.12.1.2}{\376\377\000D\000e\000b\000u\000t}{subsection.4.12.1}% 157
\BOOKMARK [3][-]{subsubsection.4.12.1.3}{\376\377\000D\000E\000P\000L\000A\000C\000E\000M\000E\000N\000T}{subsection.4.12.1}% 158
\BOOKMARK [3][-]{subsubsection.4.12.1.4}{\376\377\000D\000i\000m}{subsection.4.12.1}% 159
\BOOKMARK [3][-]{subsubsection.4.12.1.5}{\376\377\000D\000i\000s\000t\000a\000n\000c\000e}{subsection.4.12.1}% 160
\BOOKMARK [3][-]{subsubsection.4.12.1.6}{\376\377\000H\000a\000u\000t\000e\000u\000r}{subsection.4.12.1}% 161
\BOOKMARK [3][-]{subsubsection.4.12.1.7}{\376\377\000L\000a\000r\000g\000e\000u\000r}{subsection.4.12.1}% 162
\BOOKMARK [3][-]{subsubsection.4.12.1.8}{\376\377\000L\000o\000n\000g\000u\000e\000u\000r}{subsection.4.12.1}% 163
\BOOKMARK [3][-]{subsubsection.4.12.1.9}{\376\377\000M\000O\000D\000E\000\137\000E\000C\000R\000I\000T\000U\000R\000E}{subsection.4.12.1}% 164
\BOOKMARK [3][-]{subsubsection.4.12.1.10}{\376\377\000M\000O\000D\000E\000\137\000L\000E\000C\000T\000U\000R\000E}{subsection.4.12.1}% 165
\BOOKMARK [3][-]{subsubsection.4.12.1.11}{\376\377\000T\000a\000i\000l\000l\000e}{subsection.4.12.1}% 166
\BOOKMARK [2][-]{subsection.4.12.2}{\376\377\000T\000y\000p\000e\000d\000e\000f\000\040\000D\000o\000c\000u\000m\000e\000n\000t\000a\000t\000i\000o\000n}{section.4.12}% 167
\BOOKMARK [3][-]{subsubsection.4.12.2.1}{\376\377\000C\000o\000m\000p\000\137\000r\000g\000b}{subsection.4.12.2}% 168
\BOOKMARK [3][-]{subsubsection.4.12.2.2}{\376\377\000P\000F\000s\000a\000u\000v\000e\000g\000a\000r\000d\000e}{subsection.4.12.2}% 169
\BOOKMARK [2][-]{subsection.4.12.3}{\376\377\000F\000u\000n\000c\000t\000i\000o\000n\000\040\000D\000o\000c\000u\000m\000e\000n\000t\000a\000t\000i\000o\000n}{section.4.12}% 170
\BOOKMARK [3][-]{subsubsection.4.12.3.1}{\376\377\000D\000E\000F\000A\000I\000R\000E\000\137\000i\000m\000a\000g\000e}{subsection.4.12.3}% 171
\BOOKMARK [3][-]{subsubsection.4.12.3.2}{\376\377\000F\000A\000I\000R\000E\000\137\000i\000m\000a\000g\000e}{subsection.4.12.3}% 172
\BOOKMARK [3][-]{subsubsection.4.12.3.3}{\376\377\000i\000m\000a\000g\000e\000\137\000c\000h\000a\000r\000g\000e\000r}{subsection.4.12.3}% 173
\BOOKMARK [3][-]{subsubsection.4.12.3.4}{\376\377\000i\000m\000a\000g\000e\000\137\000d\000e\000b\000u\000t}{subsection.4.12.3}% 174
\BOOKMARK [3][-]{subsubsection.4.12.3.5}{\376\377\000i\000m\000a\000g\000e\000\137\000d\000i\000s\000t\000a\000n\000c\000e}{subsection.4.12.3}% 175
\BOOKMARK [3][-]{subsubsection.4.12.3.6}{\376\377\000i\000m\000a\000g\000e\000\137\000e\000c\000r\000i\000r\000e\000\137\000p\000i\000x\000e\000l}{subsection.4.12.3}% 176
\BOOKMARK [3][-]{subsubsection.4.12.3.7}{\376\377\000i\000m\000a\000g\000e\000\137\000g\000e\000t\000\137\000c\000o\000m\000p}{subsection.4.12.3}% 177
\BOOKMARK [3][-]{subsubsection.4.12.3.8}{\376\377\000i\000m\000a\000g\000e\000\137\000g\000i\000v\000e\000\137\000d\000i\000m}{subsection.4.12.3}% 178
\BOOKMARK [3][-]{subsubsection.4.12.3.9}{\376\377\000i\000m\000a\000g\000e\000\137\000g\000i\000v\000e\000\137\000h\000a\000u\000t\000e\000u\000r}{subsection.4.12.3}% 179
\BOOKMARK [3][-]{subsubsection.4.12.3.10}{\376\377\000i\000m\000a\000g\000e\000\137\000g\000i\000v\000e\000\137\000l\000a\000r\000g\000e\000u\000r}{subsection.4.12.3}% 180
\BOOKMARK [3][-]{subsubsection.4.12.3.11}{\376\377\000i\000m\000a\000g\000e\000\137\000i\000n\000i\000t\000i\000a\000l\000i\000z\000e}{subsection.4.12.3}% 181
\BOOKMARK [3][-]{subsubsection.4.12.3.12}{\376\377\000i\000m\000a\000g\000e\000\137\000l\000i\000r\000e\000\137\000p\000i\000x\000e\000l}{subsection.4.12.3}% 182
\BOOKMARK [3][-]{subsubsection.4.12.3.13}{\376\377\000i\000m\000a\000g\000e\000\137\000m\000o\000v\000e\000\137\000t\000o}{subsection.4.12.3}% 183
\BOOKMARK [3][-]{subsubsection.4.12.3.14}{\376\377\000i\000m\000a\000g\000e\000\137\000p\000i\000x\000e\000l\000\137\000d\000e\000s\000s\000o\000u\000s}{subsection.4.12.3}% 184
\BOOKMARK [3][-]{subsubsection.4.12.3.15}{\376\377\000i\000m\000a\000g\000e\000\137\000p\000i\000x\000e\000l\000\137\000d\000e\000s\000s\000u\000s}{subsection.4.12.3}% 185
\BOOKMARK [3][-]{subsubsection.4.12.3.16}{\376\377\000i\000m\000a\000g\000e\000\137\000p\000i\000x\000e\000l\000\137\000d\000r\000o\000i\000t\000e}{subsection.4.12.3}% 186
\BOOKMARK [3][-]{subsubsection.4.12.3.17}{\376\377\000i\000m\000a\000g\000e\000\137\000p\000i\000x\000e\000l\000\137\000g\000a\000u\000c\000h\000e}{subsection.4.12.3}% 187
\BOOKMARK [3][-]{subsubsection.4.12.3.18}{\376\377\000i\000m\000a\000g\000e\000\137\000p\000i\000x\000e\000l\000\137\000s\000u\000i\000v\000a\000n\000t}{subsection.4.12.3}% 188
\BOOKMARK [3][-]{subsubsection.4.12.3.19}{\376\377\000i\000m\000a\000g\000e\000\137\000s\000a\000u\000v\000e\000g\000a\000r\000d\000e\000r}{subsection.4.12.3}% 189
\BOOKMARK [3][-]{subsubsection.4.12.3.20}{\376\377\000i\000m\000a\000g\000e\000\137\000s\000e\000t\000\137\000d\000i\000s\000t\000a\000n\000c\000e}{subsection.4.12.3}% 190
\BOOKMARK [3][-]{subsubsection.4.12.3.21}{\376\377\000i\000m\000a\000g\000e\000\137\000t\000o\000\137\000s\000t\000r\000e\000a\000m}{subsection.4.12.3}% 191
\BOOKMARK [1][-]{section.4.13}{\376\377\000/\000m\000e\000d\000i\000a\000/\000p\000s\000f\000/\000H\000o\000m\000e\000/\000D\000e\000s\000k\000t\000o\000p\000/\000P\000r\000o\000g\000\040\000C\000/\000P\000r\000o\000j\000e\000t\000C\000-\000I\000n\000v\000e\000r\000s\000i\000o\000n\000/\000s\000r\000c\000/\000i\000n\000v\000e\000r\000s\000i\000o\000n\000.\000c\000\040\000F\000i\000l\000e\000\040\000R\000e\000f\000e\000r\000e\000n\000c\000e}{chapter.4}% 192
\BOOKMARK [2][-]{subsection.4.13.1}{\376\377\000D\000e\000t\000a\000i\000l\000e\000d\000\040\000D\000e\000s\000c\000r\000i\000p\000t\000i\000o\000n}{section.4.13}% 193
\BOOKMARK [2][-]{subsection.4.13.2}{\376\377\000F\000u\000n\000c\000t\000i\000o\000n\000\040\000D\000o\000c\000u\000m\000e\000n\000t\000a\000t\000i\000o\000n}{section.4.13}% 194
\BOOKMARK [3][-]{subsubsection.4.13.2.1}{\376\377\000m\000a\000i\000n}{subsection.4.13.2}% 195
\BOOKMARK [1][-]{section.4.14}{\376\377\000/\000m\000e\000d\000i\000a\000/\000p\000s\000f\000/\000H\000o\000m\000e\000/\000D\000e\000s\000k\000t\000o\000p\000/\000P\000r\000o\000g\000\040\000C\000/\000P\000r\000o\000j\000e\000t\000C\000-\000I\000n\000v\000e\000r\000s\000i\000o\000n\000/\000s\000r\000c\000/\000t\000a\000b\000l\000e\000.\000c\000\040\000F\000i\000l\000e\000\040\000R\000e\000f\000e\000r\000e\000n\000c\000e}{chapter.4}% 196
\BOOKMARK [2][-]{subsection.4.14.1}{\376\377\000D\000e\000t\000a\000i\000l\000e\000d\000\040\000D\000e\000s\000c\000r\000i\000p\000t\000i\000o\000n}{section.4.14}% 197
\BOOKMARK [2][-]{subsection.4.14.2}{\376\377\000F\000u\000n\000c\000t\000i\000o\000n\000\040\000D\000o\000c\000u\000m\000e\000n\000t\000a\000t\000i\000o\000n}{section.4.14}% 198
\BOOKMARK [3][-]{subsubsection.4.14.2.1}{\376\377\000c\000o\000l\000o\000r\000\137\000t\000a\000b\000l\000e\000\137\000d\000u\000p\000l\000i\000c\000a\000t\000e}{subsection.4.14.2}% 199
\BOOKMARK [3][-]{subsubsection.4.14.2.2}{\376\377\000c\000o\000l\000o\000r\000\137\000t\000a\000b\000l\000e\000\137\000g\000e\000t\000\137\000c\000o\000l\000o\000r}{subsection.4.14.2}% 200
\BOOKMARK [3][-]{subsubsection.4.14.2.3}{\376\377\000c\000o\000l\000o\000r\000\137\000t\000a\000b\000l\000e\000\137\000g\000e\000t\000\137\000m\000a\000x}{subsection.4.14.2}% 201
\BOOKMARK [3][-]{subsubsection.4.14.2.4}{\376\377\000c\000o\000l\000o\000r\000\137\000t\000a\000b\000l\000e\000\137\000g\000e\000t\000\137\000m\000i\000n}{subsection.4.14.2}% 202
\BOOKMARK [3][-]{subsubsection.4.14.2.5}{\376\377\000c\000o\000l\000o\000r\000\137\000t\000a\000b\000l\000e\000\137\000g\000e\000t\000\137\000n\000b\000\137\000c\000o\000l\000o\000r}{subsection.4.14.2}% 203
\BOOKMARK [3][-]{subsubsection.4.14.2.6}{\376\377\000c\000o\000l\000o\000r\000\137\000t\000a\000b\000l\000e\000\137\000s\000o\000r\000t}{subsection.4.14.2}% 204
\BOOKMARK [3][-]{subsubsection.4.14.2.7}{\376\377\000c\000r\000e\000a\000t\000e\000\137\000c\000o\000l\000o\000r\000\137\000t\000a\000b\000l\000e}{subsection.4.14.2}% 205
\BOOKMARK [3][-]{subsubsection.4.14.2.8}{\376\377\000d\000e\000s\000t\000r\000o\000y\000\137\000c\000o\000l\000o\000r\000\137\000t\000a\000b\000l\000e}{subsection.4.14.2}% 206
\BOOKMARK [1][-]{section.4.15}{\376\377\000/\000m\000e\000d\000i\000a\000/\000p\000s\000f\000/\000H\000o\000m\000e\000/\000D\000e\000s\000k\000t\000o\000p\000/\000P\000r\000o\000g\000\040\000C\000/\000P\000r\000o\000j\000e\000t\000C\000-\000I\000n\000v\000e\000r\000s\000i\000o\000n\000/\000s\000r\000c\000/\000t\000e\000s\000t\000\137\000a\000r\000b\000r\000e\000.\000c\000\040\000F\000i\000l\000e\000\040\000R\000e\000f\000e\000r\000e\000n\000c\000e}{chapter.4}% 207
\BOOKMARK [2][-]{subsection.4.15.1}{\376\377\000F\000u\000n\000c\000t\000i\000o\000n\000\040\000D\000o\000c\000u\000m\000e\000n\000t\000a\000t\000i\000o\000n}{section.4.15}% 208
\BOOKMARK [3][-]{subsubsection.4.15.1.1}{\376\377\000m\000a\000i\000n}{subsection.4.15.1}% 209
\BOOKMARK [3][-]{subsubsection.4.15.1.2}{\376\377\000p\000r\000i\000n\000t\000T\000r\000e\000e}{subsection.4.15.1}% 210
\BOOKMARK [1][-]{section.4.16}{\376\377\000/\000m\000e\000d\000i\000a\000/\000p\000s\000f\000/\000H\000o\000m\000e\000/\000D\000e\000s\000k\000t\000o\000p\000/\000P\000r\000o\000g\000\040\000C\000/\000P\000r\000o\000j\000e\000t\000C\000-\000I\000n\000v\000e\000r\000s\000i\000o\000n\000/\000s\000r\000c\000/\000t\000e\000s\000t\000\137\000t\000a\000b\000l\000e\000.\000c\000\040\000F\000i\000l\000e\000\040\000R\000e\000f\000e\000r\000e\000n\000c\000e}{chapter.4}% 211
\BOOKMARK [2][-]{subsection.4.16.1}{\376\377\000D\000e\000t\000a\000i\000l\000e\000d\000\040\000D\000e\000s\000c\000r\000i\000p\000t\000i\000o\000n}{section.4.16}% 212
\BOOKMARK [2][-]{subsection.4.16.2}{\376\377\000F\000u\000n\000c\000t\000i\000o\000n\000\040\000D\000o\000c\000u\000m\000e\000n\000t\000a\000t\000i\000o\000n}{section.4.16}% 213
\BOOKMARK [3][-]{subsubsection.4.16.2.1}{\376\377\000m\000a\000i\000n}{subsection.4.16.2}% 214
\BOOKMARK [1][-]{section.4.17}{\376\377\000/\000m\000e\000d\000i\000a\000/\000p\000s\000f\000/\000H\000o\000m\000e\000/\000D\000e\000s\000k\000t\000o\000p\000/\000P\000r\000o\000g\000\040\000C\000/\000P\000r\000o\000j\000e\000t\000C\000-\000I\000n\000v\000e\000r\000s\000i\000o\000n\000/\000s\000r\000c\000/\000t\000r\000i\000v\000i\000a\000l\000.\000c\000\040\000F\000i\000l\000e\000\040\000R\000e\000f\000e\000r\000e\000n\000c\000e}{chapter.4}% 215
\BOOKMARK [2][-]{subsection.4.17.1}{\376\377\000D\000e\000t\000a\000i\000l\000e\000d\000\040\000D\000e\000s\000c\000r\000i\000p\000t\000i\000o\000n}{section.4.17}% 216
\BOOKMARK [2][-]{subsection.4.17.2}{\376\377\000F\000u\000n\000c\000t\000i\000o\000n\000\040\000D\000o\000c\000u\000m\000e\000n\000t\000a\000t\000i\000o\000n}{section.4.17}% 217
\BOOKMARK [3][-]{subsubsection.4.17.2.1}{\376\377\000m\000a\000i\000n}{subsection.4.17.2}% 218
